20230115	22:30:31	f4b02964-4faf-4d73-ad13-193c3458ca77	GET	/forest	https://app.forestadmin.com
20230115	22:31:07	720eff25-6924-43de-80aa-b61f4dbd4fbb	POST	/forest/authentication	https://app.forestadmin.com
20230115	22:31:08	0e1ed3eb-a865-4976-91a1-f10dfe0a14ee	GET	/forest/authentication/callback?code=Q1Tl8rwVXyLL6BIBTrnMVo_C-nm8jz85X-mAbuvb_l1M7cYtep7W3kgqlWJIPJtk&state=%7B%22renderingId%22%3A176626%7D	https://app.forestadmin.com
20230115	22:31:09	d5c9489c-59f1-4592-818d-1289928db359	GET	/forest/otp?timezone=Europe%2FParis&fields%5Botp%5D=_id%2Ccode%2CcreatedAt%2Cemail%2CexpireIn%2CupdatedAt&page%5Bnumber%5D=1&page%5Bsize%5D=15&sort=-_id	https://app.forestadmin.com
20230115	22:31:09	fc5e4361-a6a8-49f9-b772-2bc4980941f0	GET	/forest/otp/count?fields%5Botp%5D=_id%2Ccode%2CcreatedAt%2Cemail%2CexpireIn%2CupdatedAt&timezone=Europe%2FParis	https://app.forestadmin.com
20230115	22:33:28	a7ea3cb1-2912-4ee8-b8ac-f48e5792108e	GET	/forest	https://app.forestadmin.com
20230115	22:33:29	879875ee-8f6a-42ef-9787-1063c9b78638	GET	/forest	https://app.forestadmin.com
20230115	22:35:36	eb9883b8-d27c-47a2-a040-6982dfb0082c	POST	/forest/authentication	https://app.forestadmin.com
20230115	22:35:37	9d56526d-b205-4067-8c82-5036e8021b57	GET	/forest/authentication/callback?code=cIdz_S7-7rJVHern4Spu3FPbZtv8Q3CWfIJJIpXIi05GzNHoOcizRzIicZ3_65Uo&state=%7B%22renderingId%22%3A176627%7D	https://app.forestadmin.com
20230115	22:35:38	c87c646f-b55f-4b7a-9e94-aea26b626c13	GET	/forest/activity?timezone=Europe%2FParis&fields%5Bactivity%5D=_id%2CactivityImage%2Caddress%2CageRestriction%2Cages%2CallowCoOrganiser%2CallowGuests%2CallowPhoneNumberDisplay%2CattendeeLimit%2CcoOrganizerGift%2CcoOrganizerOffers%2CcoOrganizerRequests%2CcreatedAt%2Cdate%2Cdescription%2CfriendsOnly%2ChasPrice%2ChasReminderName%2ChelpForOrganizers%2ChowManyGuests%2ChowToFind%2CisOnline%2Clocation%2Cparity%2CparityValues%2Cprice%2CreminderName%2CrepeatEvent%2CrepeatEventDays%2CrepeatEventFrequency%2CrequestCoOrganizers%2CselectPeople%2CstartTime%2CticketLink%2Ctitle%2Ctopic%2CupdatedAt&page%5Bnumber%5D=1&page%5Bsize%5D=15&sort=-_id	https://app.forestadmin.com
20230115	22:35:39	9c93bb86-97f7-4306-a915-ad3e7c193b36	GET	/forest/activity/count?fields%5Bactivity%5D=_id%2CactivityImage%2Caddress%2CageRestriction%2Cages%2CallowCoOrganiser%2CallowGuests%2CallowPhoneNumberDisplay%2CattendeeLimit%2CcoOrganizerGift%2CcoOrganizerOffers%2CcoOrganizerRequests%2CcreatedAt%2Cdate%2Cdescription%2CfriendsOnly%2ChasPrice%2ChasReminderName%2ChelpForOrganizers%2ChowManyGuests%2ChowToFind%2CisOnline%2Clocation%2Cparity%2CparityValues%2Cprice%2CreminderName%2CrepeatEvent%2CrepeatEventDays%2CrepeatEventFrequency%2CrequestCoOrganizers%2CselectPeople%2CstartTime%2CticketLink%2Ctitle%2Ctopic%2CupdatedAt&timezone=Europe%2FParis	https://app.forestadmin.com
20230115	22:35:55	859cd514-5c80-4dcb-a5d4-e4894bcf7106	GET	/forest/activity/63c470febc04abf4f99f5e19?timezone=Europe%2FParis	https://app.forestadmin.com
20230115	22:50:19	7040a9f6-319c-4c5f-b226-770cf687cc22	POST	/forest/authentication	https://app.forestadmin.com
20230115	22:50:20	ea6374a2-ae71-4928-8ace-665bc6dc7149	GET	/forest/authentication/callback?code=4Ghn2JDr6eMhgHKbuE5mKL9u3b5AVZaH9R5fiGtm5gaGNt5eKJ7cYuqXHWKc5bvO&state=%7B%22renderingId%22%3A176627%7D	https://app.forestadmin.com
20230115	22:50:20	564d937d-533b-40dd-a53c-e97bb9453516	GET	/forest/activity?timezone=Europe%2FParis&fields%5Bactivity%5D=_id%2CactivityImage%2Caddress%2CageRestriction%2Cages%2CallowCoOrganiser%2CallowGuests%2CallowPhoneNumberDisplay%2CattendeeLimit%2CcoOrganizerGift%2CcoOrganizerOffers%2CcoOrganizerRequests%2CcreatedAt%2Cdate%2Cdescription%2CfriendsOnly%2ChasPrice%2ChasReminderName%2ChelpForOrganizers%2ChowManyGuests%2ChowToFind%2CisOnline%2Clocation%2Cparity%2CparityValues%2Cprice%2CreminderName%2CrepeatEvent%2CrepeatEventDays%2CrepeatEventFrequency%2CrequestCoOrganizers%2CselectPeople%2CstartTime%2CticketLink%2Ctitle%2Ctopic%2CupdatedAt&page%5Bnumber%5D=1&page%5Bsize%5D=15&sort=-_id	https://app.forestadmin.com
20230115	22:50:21	d64545fa-8dc1-4949-8739-108dadc6584d	GET	/forest/activity/count?fields%5Bactivity%5D=_id%2CactivityImage%2Caddress%2CageRestriction%2Cages%2CallowCoOrganiser%2CallowGuests%2CallowPhoneNumberDisplay%2CattendeeLimit%2CcoOrganizerGift%2CcoOrganizerOffers%2CcoOrganizerRequests%2CcreatedAt%2Cdate%2Cdescription%2CfriendsOnly%2ChasPrice%2ChasReminderName%2ChelpForOrganizers%2ChowManyGuests%2ChowToFind%2CisOnline%2Clocation%2Cparity%2CparityValues%2Cprice%2CreminderName%2CrepeatEvent%2CrepeatEventDays%2CrepeatEventFrequency%2CrequestCoOrganizers%2CselectPeople%2CstartTime%2CticketLink%2Ctitle%2Ctopic%2CupdatedAt&timezone=Europe%2FParis	https://app.forestadmin.com
20230115	22:50:33	2fc08aae-36b8-4be3-88ef-3cc1f6c31322	POST	/forest/authentication	https://app.forestadmin.com
20230115	22:50:34	a9276a58-d385-4d72-97f4-0cb086495886	GET	/forest/authentication/callback?code=ZPzD0mMvGxECP2X5UrOguDhsT_3Hhz5p6C1sH5l6O8JUnR-TPn8af-cWtWFhGQKL&state=%7B%22renderingId%22%3A176627%7D	https://app.forestadmin.com
20230115	22:50:34	12d06736-bb9f-4b75-8b50-40f6a869487b	GET	/forest/activity?timezone=Europe%2FParis&fields%5Bactivity%5D=_id%2CactivityImage%2Caddress%2CageRestriction%2Cages%2CallowCoOrganiser%2CallowGuests%2CallowPhoneNumberDisplay%2CattendeeLimit%2CcoOrganizerGift%2CcoOrganizerOffers%2CcoOrganizerRequests%2CcreatedAt%2Cdate%2Cdescription%2CfriendsOnly%2ChasPrice%2ChasReminderName%2ChelpForOrganizers%2ChowManyGuests%2ChowToFind%2CisOnline%2Clocation%2Cparity%2CparityValues%2Cprice%2CreminderName%2CrepeatEvent%2CrepeatEventDays%2CrepeatEventFrequency%2CrequestCoOrganizers%2CselectPeople%2CstartTime%2CticketLink%2Ctitle%2Ctopic%2CupdatedAt&page%5Bnumber%5D=1&page%5Bsize%5D=15&sort=-_id	https://app.forestadmin.com
20230115	22:50:36	015ccb43-65ba-4b3f-bfdf-893fc471265a	GET	/forest/activity/count?fields%5Bactivity%5D=_id%2CactivityImage%2Caddress%2CageRestriction%2Cages%2CallowCoOrganiser%2CallowGuests%2CallowPhoneNumberDisplay%2CattendeeLimit%2CcoOrganizerGift%2CcoOrganizerOffers%2CcoOrganizerRequests%2CcreatedAt%2Cdate%2Cdescription%2CfriendsOnly%2ChasPrice%2ChasReminderName%2ChelpForOrganizers%2ChowManyGuests%2ChowToFind%2CisOnline%2Clocation%2Cparity%2CparityValues%2Cprice%2CreminderName%2CrepeatEvent%2CrepeatEventDays%2CrepeatEventFrequency%2CrequestCoOrganizers%2CselectPeople%2CstartTime%2CticketLink%2Ctitle%2Ctopic%2CupdatedAt&timezone=Europe%2FParis	https://app.forestadmin.com
20230115	22:50:59	7fb76f75-f496-4815-90af-e8615eeb89cf	DELETE	/forest/activity?timezone=Europe%2FParis	https://app.forestadmin.com
20230115	22:50:59	ca320859-5233-4d8c-8d9f-992ce13c8848	GET	/forest/activity?timezone=Europe%2FParis&fields%5Bactivity%5D=_id%2CactivityImage%2Caddress%2CageRestriction%2Cages%2CallowCoOrganiser%2CallowGuests%2CallowPhoneNumberDisplay%2CattendeeLimit%2CcoOrganizerGift%2CcoOrganizerOffers%2CcoOrganizerRequests%2CcreatedAt%2Cdate%2Cdescription%2CfriendsOnly%2ChasPrice%2ChasReminderName%2ChelpForOrganizers%2ChowManyGuests%2ChowToFind%2CisOnline%2Clocation%2Cparity%2CparityValues%2Cprice%2CreminderName%2CrepeatEvent%2CrepeatEventDays%2CrepeatEventFrequency%2CrequestCoOrganizers%2CselectPeople%2CstartTime%2CticketLink%2Ctitle%2Ctopic%2CupdatedAt&page%5Bnumber%5D=1&page%5Bsize%5D=15&sort=-_id	https://app.forestadmin.com
20230115	22:51:00	7145c3ed-9751-4857-b67b-0ed46ca55986	GET	/forest/activity/count?fields%5Bactivity%5D=_id%2CactivityImage%2Caddress%2CageRestriction%2Cages%2CallowCoOrganiser%2CallowGuests%2CallowPhoneNumberDisplay%2CattendeeLimit%2CcoOrganizerGift%2CcoOrganizerOffers%2CcoOrganizerRequests%2CcreatedAt%2Cdate%2Cdescription%2CfriendsOnly%2ChasPrice%2ChasReminderName%2ChelpForOrganizers%2ChowManyGuests%2ChowToFind%2CisOnline%2Clocation%2Cparity%2CparityValues%2Cprice%2CreminderName%2CrepeatEvent%2CrepeatEventDays%2CrepeatEventFrequency%2CrequestCoOrganizers%2CselectPeople%2CstartTime%2CticketLink%2Ctitle%2Ctopic%2CupdatedAt&timezone=Europe%2FParis	https://app.forestadmin.com
20230115	22:51:15	8224f76e-5b58-4836-952e-0a8828919db5	GET	/forest/verifyEmail?timezone=Europe%2FParis&fields%5BverifyEmail%5D=_id%2CcreatedAt%2Cemail%2Ctoken%2CupdatedAt&page%5Bnumber%5D=1&page%5Bsize%5D=15&sort=-_id	https://app.forestadmin.com
20230115	22:51:16	5e30ce1b-3a4e-4a00-8065-05351d292fa1	GET	/forest/verifyEmail/count?fields%5BverifyEmail%5D=_id%2CcreatedAt%2Cemail%2Ctoken%2CupdatedAt&timezone=Europe%2FParis	https://app.forestadmin.com
20230116	00:02:50	92ac399d-18e7-4bf8-8574-71a155d491a5	POST	/forest/authentication	https://app.forestadmin.com
20230116	00:02:51	8928a4a8-161b-4380-88dd-f5b7f7226234	GET	/forest/authentication/callback?code=yTv2xCMTAVgjszunHxUX1q1IO7X4r9EXy63aUL9Q4vEoo0f9JtdaJX1F2tV-_9pB&state=%7B%22renderingId%22%3A176627%7D	https://app.forestadmin.com
20230116	00:02:52	7c0df1cc-8c59-4829-bc21-b3010d5d7ebe	GET	/forest/verifyEmail?timezone=Europe%2FParis&fields%5BverifyEmail%5D=_id%2CcreatedAt%2Cemail%2Ctoken%2CupdatedAt&page%5Bnumber%5D=1&page%5Bsize%5D=15&sort=-_id	https://app.forestadmin.com
20230116	00:02:52	8a332a1e-99d7-4915-85f9-f6268f814037	GET	/forest/verifyEmail/count?fields%5BverifyEmail%5D=_id%2CcreatedAt%2Cemail%2Ctoken%2CupdatedAt&timezone=Europe%2FParis	https://app.forestadmin.com
20230116	00:02:55	4b98c198-1272-4d83-8436-d67de2ab42ae	GET	/forest/otp?timezone=Europe%2FParis&fields%5Botp%5D=_id%2Ccode%2CcreatedAt%2Cemail%2CexpireIn%2CupdatedAt&page%5Bnumber%5D=1&page%5Bsize%5D=15&sort=-_id	https://app.forestadmin.com
20230116	00:02:55	7d255c06-9a74-4059-9416-11864f4694a6	GET	/forest/otp/count?fields%5Botp%5D=_id%2Ccode%2CcreatedAt%2Cemail%2CexpireIn%2CupdatedAt&timezone=Europe%2FParis	https://app.forestadmin.com
20230116	00:20:39	9b59b36e-5778-43fc-9b40-cea612a45f72	POST	/api/v1/email-send	undefined
20230116	00:20:49	62ad321c-7c77-4167-b333-4009fdd386b5	POST	/forest/authentication	https://app.forestadmin.com
20230116	00:20:50	944823db-ea8f-4dd9-bdd2-d02647f68013	GET	/forest/authentication/callback?code=BJHXxjpkCVw5bZudEawKOVPaQJkHwKMFYzpiERElZYkdirX8EwUy6CEm_aidR2Hs&state=%7B%22renderingId%22%3A176627%7D	https://app.forestadmin.com
20230116	00:20:51	8d28fafb-d798-4ef1-8af2-e4b78a0c6d79	GET	/forest/otp?timezone=Europe%2FParis&fields%5Botp%5D=_id%2Ccode%2CcreatedAt%2Cemail%2CexpireIn%2CupdatedAt&page%5Bnumber%5D=1&page%5Bsize%5D=15&sort=-_id	https://app.forestadmin.com
20230116	00:20:51	14803bcc-beae-4836-84f3-8dd7ee64f212	GET	/forest/otp/count?fields%5Botp%5D=_id%2Ccode%2CcreatedAt%2Cemail%2CexpireIn%2CupdatedAt&timezone=Europe%2FParis	https://app.forestadmin.com
20230116	00:46:29	b9bf2e70-4951-4ca4-bfb9-6ae4b7c6a9aa	GET	/forest/user?timezone=Europe%2FParis&fields%5Buser%5D=_id%2Cabout%2Calcohol%2Cavatar%2Cbirthday%2Cchats%2Cchildren%2Ccity%2Cemail%2CfirstName%2Chash%2Chobbies%2CisPersonalAccount%2ClastActionTime%2ClastName%2CmemberId%2CnativeLanguage%2Cphone%2Csalt%2Csexe%2CspokenLanguage%2Ctobacco%2Ctoken%2CupdatedAt%2CuserName%2CverificationCode%2CverificationCodeTime&page%5Bnumber%5D=1&page%5Bsize%5D=15&sort=-_id	https://app.forestadmin.com
20230116	00:46:30	ae93bae5-d697-4d9f-8dde-b251baa9a5e0	GET	/forest/user/count?fields%5Buser%5D=_id%2Cabout%2Calcohol%2Cavatar%2Cbirthday%2Cchats%2Cchildren%2Ccity%2Cemail%2CfirstName%2Chash%2Chobbies%2CisPersonalAccount%2ClastActionTime%2ClastName%2CmemberId%2CnativeLanguage%2Cphone%2Csalt%2Csexe%2CspokenLanguage%2Ctobacco%2Ctoken%2CupdatedAt%2CuserName%2CverificationCode%2CverificationCodeTime&timezone=Europe%2FParis	https://app.forestadmin.com
20230116	00:48:08	13905deb-ca94-4c0e-a313-770bdc2aa77e	GET	/forest/otp?timezone=Europe%2FParis&fields%5Botp%5D=_id%2Ccode%2CcreatedAt%2Cemail%2CexpireIn%2CupdatedAt&page%5Bnumber%5D=1&page%5Bsize%5D=15&sort=-_id	https://app.forestadmin.com
20230116	00:48:09	64c44de4-07ef-44ba-98d4-d26bee949d65	GET	/forest/otp/count?fields%5Botp%5D=_id%2Ccode%2CcreatedAt%2Cemail%2CexpireIn%2CupdatedAt&timezone=Europe%2FParis	https://app.forestadmin.com
20230116	00:48:56	3c97dacf-8e5c-40b3-b70b-c9c98716291f	GET	/forest/user?timezone=Europe%2FParis&fields%5Buser%5D=_id%2Cabout%2Calcohol%2Cavatar%2Cbirthday%2Cchats%2Cchildren%2Ccity%2Cemail%2CfirstName%2Chash%2Chobbies%2CisPersonalAccount%2ClastActionTime%2ClastName%2CmemberId%2CnativeLanguage%2Cphone%2Csalt%2Csexe%2CspokenLanguage%2Ctobacco%2Ctoken%2CupdatedAt%2CuserName%2CverificationCode%2CverificationCodeTime&page%5Bnumber%5D=1&page%5Bsize%5D=15&sort=-_id	https://app.forestadmin.com
20230116	00:48:56	d1812f78-ee17-4d4f-9f82-2eeaa56efcd7	GET	/forest/user/count?fields%5Buser%5D=_id%2Cabout%2Calcohol%2Cavatar%2Cbirthday%2Cchats%2Cchildren%2Ccity%2Cemail%2CfirstName%2Chash%2Chobbies%2CisPersonalAccount%2ClastActionTime%2ClastName%2CmemberId%2CnativeLanguage%2Cphone%2Csalt%2Csexe%2CspokenLanguage%2Ctobacco%2Ctoken%2CupdatedAt%2CuserName%2CverificationCode%2CverificationCodeTime&timezone=Europe%2FParis	https://app.forestadmin.com
20230116	00:49:01	8a8df521-4db8-4a81-97c2-9f2be452abc8	GET	/forest/user?timezone=Europe%2FParis&fields%5Buser%5D=_id%2Cabout%2Calcohol%2Cavatar%2Cbirthday%2Cchats%2Cchildren%2Ccity%2Cemail%2CfirstName%2Chash%2Chobbies%2CisPersonalAccount%2ClastActionTime%2ClastName%2CmemberId%2CnativeLanguage%2Cphone%2Csalt%2Csexe%2CspokenLanguage%2Ctobacco%2Ctoken%2CupdatedAt%2CuserName%2CverificationCode%2CverificationCodeTime&page%5Bnumber%5D=2&page%5Bsize%5D=15&sort=-_id	https://app.forestadmin.com
20230116	00:49:03	7e5b158a-a6c3-4762-a3a7-3823f01be400	GET	/forest/user/count?fields%5Buser%5D=_id%2Cabout%2Calcohol%2Cavatar%2Cbirthday%2Cchats%2Cchildren%2Ccity%2Cemail%2CfirstName%2Chash%2Chobbies%2CisPersonalAccount%2ClastActionTime%2ClastName%2CmemberId%2CnativeLanguage%2Cphone%2Csalt%2Csexe%2CspokenLanguage%2Ctobacco%2Ctoken%2CupdatedAt%2CuserName%2CverificationCode%2CverificationCodeTime&timezone=Europe%2FParis	https://app.forestadmin.com
20230116	00:49:08	91f0ca40-9ed4-480e-9b3c-8f5bde0b4828	GET	/forest/user?timezone=Europe%2FParis&fields%5Buser%5D=_id%2Cabout%2Calcohol%2Cavatar%2Cbirthday%2Cchats%2Cchildren%2Ccity%2Cemail%2CfirstName%2Chash%2Chobbies%2CisPersonalAccount%2ClastActionTime%2ClastName%2CmemberId%2CnativeLanguage%2Cphone%2Csalt%2Csexe%2CspokenLanguage%2Ctobacco%2Ctoken%2CupdatedAt%2CuserName%2CverificationCode%2CverificationCodeTime&page%5Bnumber%5D=1&page%5Bsize%5D=15&sort=-_id	https://app.forestadmin.com
20230116	00:49:09	b63b88d3-bd72-4382-a109-156e11e2657a	GET	/forest/user/count?fields%5Buser%5D=_id%2Cabout%2Calcohol%2Cavatar%2Cbirthday%2Cchats%2Cchildren%2Ccity%2Cemail%2CfirstName%2Chash%2Chobbies%2CisPersonalAccount%2ClastActionTime%2ClastName%2CmemberId%2CnativeLanguage%2Cphone%2Csalt%2Csexe%2CspokenLanguage%2Ctobacco%2Ctoken%2CupdatedAt%2CuserName%2CverificationCode%2CverificationCodeTime&timezone=Europe%2FParis	https://app.forestadmin.com
20230116	00:50:49	4ef633c7-83ab-49d0-b664-4e861adf7fc9	GET	/forest/otp?timezone=Europe%2FParis&fields%5Botp%5D=_id%2Ccode%2CcreatedAt%2Cemail%2CexpireIn%2CupdatedAt&page%5Bnumber%5D=1&page%5Bsize%5D=15&sort=-_id	https://app.forestadmin.com
20230116	00:50:50	f3c1f640-13c8-4371-996d-93d8c84b8d7e	GET	/forest/otp/count?fields%5Botp%5D=_id%2Ccode%2CcreatedAt%2Cemail%2CexpireIn%2CupdatedAt&timezone=Europe%2FParis	https://app.forestadmin.com
20230116	01:00:16	ba069bea-644d-4edb-83dc-4a8b4e03324d	GET	/forest/verifyEmail?timezone=Europe%2FParis&fields%5BverifyEmail%5D=_id%2CcreatedAt%2Cemail%2Ctoken%2CupdatedAt&page%5Bnumber%5D=1&page%5Bsize%5D=15&sort=-_id	https://app.forestadmin.com
20230116	01:00:16	8e9108bd-9641-44f6-b12b-0415ff278145	GET	/forest/verifyEmail/count?fields%5BverifyEmail%5D=_id%2CcreatedAt%2Cemail%2Ctoken%2CupdatedAt&timezone=Europe%2FParis	https://app.forestadmin.com
20230116	01:00:23	dc2b47f0-2ccf-47fa-b6aa-7f3253997988	GET	/forest/verifyEmail/63c18efabc04abf4f99f59e9?timezone=Europe%2FParis	https://app.forestadmin.com
20230116	01:03:41	4d521700-ecf3-44c4-971a-a3ce0fe90722	POST	/api/login/sendcode	undefined
20230116	01:15:51	58562b1a-9a10-4b29-a005-081d0867d021	POST	/forest/authentication	https://app.forestadmin.com
20230116	01:15:51	08f264d1-6533-44bd-a0c6-62903e81e8b2	GET	/forest/authentication/callback?code=PWu32nBfs-bWxUvpyshgl1Q-1jDoynHED5DSom6VrWZcHURH9B1hZ-logPPoOYH3&state=%7B%22renderingId%22%3A176627%7D	https://app.forestadmin.com
20230116	03:01:09	bef73540-60ac-4c45-8343-e40ec884b058	POST	/api/login/signup	undefined
20230116	03:01:24	51c3500a-597f-4ed9-9b20-84324c0197e8	POST	/api/login/signup	undefined
20230116	03:01:43	48d2a332-e9cb-4421-9b33-a63c62b2ad7b	POST	/api/login/signup	undefined
20230116	03:09:19	c58ffe2b-dc2f-457b-8607-ad2496feaa0a	POST	/api/v1/signup	undefined
20230116	03:09:28	5e92506b-0208-4075-88e6-cca935527254	POST	/api/v1/signup	undefined
20230116	03:09:48	a00a9bd8-5477-4ee4-a89c-8ee282153f40	POST	/api/v1/signup	undefined
20230116	03:16:44	74c53cdb-d2db-456e-9400-a26e77b0dd92	POST	/api/v1/signup	undefined
20230116	03:16:54	ac62480e-18b7-42f8-8249-6d0359ba230c	POST	/api/v1/signup	undefined
20230116	03:17:04	ec5b78ef-1f8f-434d-8d96-4e8b0a3273c4	POST	/api/v1/signup	undefined
20230116	03:17:12	f03bed03-782a-4ff7-8276-d16897f7f035	POST	/api/v1/signup	undefined
20230116	03:20:02	fc120406-a98f-4158-99f9-fbb8662398f4	POST	/api/v1/signup	undefined
20230116	03:23:22	5761b497-3fd2-41e0-9b91-c739ae49568f	POST	/api/v1/signup	undefined
20230116	03:23:57	9780221c-72aa-43c0-bb45-33feb2e09dcd	POST	/api/v1/signup	undefined
20230116	03:24:22	e72a4887-9e27-4071-8056-727ad25df155	POST	/api/v1/signup	undefined
20230116	03:24:59	95b77fc7-cf68-4a79-ba2b-6b7886aee97f	POST	/api/v1/signup	undefined
20230116	03:25:07	6ded2ab8-30e1-4dbf-932a-0461581a5c5f	POST	/api/v1/signup	undefined
20230116	03:25:38	ceae00ae-06fc-4a6f-b332-6e4532b68c00	POST	/forest/authentication	https://app.forestadmin.com
20230116	03:25:40	cae90f3f-7707-4b59-8945-1ece93da7746	GET	/forest/authentication/callback?code=4You0gyINjgGeOBvPjy6BjzMnGY2K-EhJ1Q3jXqVN6r03z8wXEVxc_7tP6XQFILb&state=%7B%22renderingId%22%3A176627%7D	https://app.forestadmin.com
20230116	03:25:40	07343418-c153-4e1e-90ba-570bd164982a	GET	/forest/verifyEmail?timezone=Europe%2FParis&fields%5BverifyEmail%5D=_id%2CcreatedAt%2Cemail%2Ctoken%2CupdatedAt&page%5Bnumber%5D=1&page%5Bsize%5D=15&sort=-_id	https://app.forestadmin.com
20230116	03:25:40	349ff1bf-cfd8-4642-b575-625713f11b5c	GET	/forest/verifyEmail/count?fields%5BverifyEmail%5D=_id%2CcreatedAt%2Cemail%2Ctoken%2CupdatedAt&timezone=Europe%2FParis	https://app.forestadmin.com
20230116	03:25:54	39e99344-097f-411e-8b91-67b62060504c	DELETE	/forest/verifyEmail?timezone=Europe%2FParis	https://app.forestadmin.com
20230116	03:25:54	69cf521b-e198-4095-86a3-ab8187567e33	GET	/forest/verifyEmail?timezone=Europe%2FParis&fields%5BverifyEmail%5D=_id%2CcreatedAt%2Cemail%2Ctoken%2CupdatedAt&page%5Bnumber%5D=1&page%5Bsize%5D=15&sort=-_id	https://app.forestadmin.com
20230116	03:25:55	d2d6c454-5c23-44d2-80a5-3604b82b859a	GET	/forest/verifyEmail/count?fields%5BverifyEmail%5D=_id%2CcreatedAt%2Cemail%2Ctoken%2CupdatedAt&timezone=Europe%2FParis	https://app.forestadmin.com
20230116	03:26:51	73588248-d328-42de-bd77-808036db2661	POST	/api/v1/signup	undefined
20230116	03:26:57	2ed9eacb-9fec-4974-b173-b8cdaaf42b14	POST	/api/v1/signup	undefined
20230116	03:27:05	b458d149-383f-4caa-b538-321dac3cd30c	POST	/forest/authentication	https://app.forestadmin.com
20230116	03:27:06	e1e282d0-f8b8-47e6-810a-5b2f32265366	GET	/forest/authentication/callback?code=NUpP1BwueLxRQ93jmztbJjQVTZGaMcQh4mVFndLAPuWEWrOldD_fwF91c5cIuCMr&state=%7B%22renderingId%22%3A176627%7D	https://app.forestadmin.com
20230116	03:27:07	02e19050-aea8-482e-a403-7c3aca5516ec	GET	/forest/verifyEmail?timezone=Europe%2FParis&fields%5BverifyEmail%5D=_id%2CcreatedAt%2Cemail%2Ctoken%2CupdatedAt&page%5Bnumber%5D=1&page%5Bsize%5D=15&sort=-_id	https://app.forestadmin.com
20230116	03:27:07	4b9817f7-f337-4ed1-b954-c92295cecca2	GET	/forest/verifyEmail/count?fields%5BverifyEmail%5D=_id%2CcreatedAt%2Cemail%2Ctoken%2CupdatedAt&timezone=Europe%2FParis	https://app.forestadmin.com
20230116	03:27:10	4eb8c741-b531-4f81-b414-6450dab610b8	GET	/forest/verifyEmail/63c4b5f11c9c4b2de4ca03c7?timezone=Europe%2FParis	https://app.forestadmin.com
20230116	03:27:21	845fc0b7-3115-4ec5-b622-e36e5458ab84	GET	/forest/user?timezone=Europe%2FParis&fields%5Buser%5D=_id%2Cabout%2Calcohol%2Cavatar%2Cbirthday%2Cchats%2Cchildren%2Ccity%2Cemail%2CfirstName%2Chash%2Chobbies%2CisPersonalAccount%2ClastActionTime%2ClastName%2CmemberId%2CnativeLanguage%2Cphone%2Csalt%2Csexe%2CspokenLanguage%2Ctobacco%2Ctoken%2CupdatedAt%2CuserName%2CverificationCode%2CverificationCodeTime&page%5Bnumber%5D=1&page%5Bsize%5D=15&sort=-_id	https://app.forestadmin.com
20230116	03:27:22	16b0bc6e-b0fb-4ccf-a78a-e318a3775709	GET	/forest/user/count?fields%5Buser%5D=_id%2Cabout%2Calcohol%2Cavatar%2Cbirthday%2Cchats%2Cchildren%2Ccity%2Cemail%2CfirstName%2Chash%2Chobbies%2CisPersonalAccount%2ClastActionTime%2ClastName%2CmemberId%2CnativeLanguage%2Cphone%2Csalt%2Csexe%2CspokenLanguage%2Ctobacco%2Ctoken%2CupdatedAt%2CuserName%2CverificationCode%2CverificationCodeTime&timezone=Europe%2FParis	https://app.forestadmin.com
20230116	03:31:22	3cd790e5-0bb1-446b-ab92-2cb91b07b7a2	POST	/forest/authentication	https://app.forestadmin.com
20230116	03:31:23	8521ce3b-8194-46e8-84e5-bbbe3b9cce23	GET	/forest/authentication/callback?code=rwLHyUdk_XEaHKvdvOOKXC5jYlQYWOB8HW6eQvQnz1FnN4ld2yX4X3Xb9ycpXFUI&state=%7B%22renderingId%22%3A176627%7D	https://app.forestadmin.com
20230116	03:31:24	85ec403a-838d-4326-8af6-3c86df5d6226	GET	/forest/verifyEmail?timezone=Europe%2FParis&fields%5BverifyEmail%5D=_id%2CcreatedAt%2Cemail%2Ctoken%2CupdatedAt&page%5Bnumber%5D=1&page%5Bsize%5D=15&sort=-_id	https://app.forestadmin.com
20230116	03:31:24	06cfbd5a-c88e-491b-9a33-3d6ca2809552	GET	/forest/verifyEmail/count?fields%5BverifyEmail%5D=_id%2CcreatedAt%2Cemail%2Ctoken%2CupdatedAt&timezone=Europe%2FParis	https://app.forestadmin.com
20230116	03:31:39	3b5053af-1933-4c23-b379-dfedb565cb85	DELETE	/forest/verifyEmail?timezone=Europe%2FParis	https://app.forestadmin.com
20230116	03:31:39	eacb5fe4-204b-4b21-8ec1-b4cf8b2a20b8	GET	/forest/verifyEmail?timezone=Europe%2FParis&fields%5BverifyEmail%5D=_id%2CcreatedAt%2Cemail%2Ctoken%2CupdatedAt&page%5Bnumber%5D=1&page%5Bsize%5D=15&sort=-_id	https://app.forestadmin.com
20230116	03:31:40	167dfe63-d105-4544-8ebb-69b249c20d49	GET	/forest/verifyEmail/count?fields%5BverifyEmail%5D=_id%2CcreatedAt%2Cemail%2Ctoken%2CupdatedAt&timezone=Europe%2FParis	https://app.forestadmin.com
20230116	03:31:47	c9a24995-b673-4a8b-893c-78f951d64bcc	POST	/api/v1/signup	undefined
20230116	03:31:53	26a2cf7a-48da-4be2-ad13-06fc8bee0753	POST	/api/v1/signup	undefined
20230116	03:32:02	167306ec-716d-4319-90bc-6b27a6575cbd	POST	/forest/authentication	https://app.forestadmin.com
20230116	03:32:03	ef5fa5f7-6386-4bfc-b10a-2784e6f6c8ba	GET	/forest/authentication/callback?code=_2rBiPjYC6wHmcxsa354GvzgkyR1bFCp-FJd8oIekXI9wDDBVkYXMtY9McFt8RsG&state=%7B%22renderingId%22%3A176627%7D	https://app.forestadmin.com
20230116	03:32:03	50688ffd-d824-4e07-ae9b-ae0719318a8c	GET	/forest/verifyEmail?timezone=Europe%2FParis&fields%5BverifyEmail%5D=_id%2CcreatedAt%2Cemail%2Ctoken%2CupdatedAt&page%5Bnumber%5D=1&page%5Bsize%5D=15&sort=-_id	https://app.forestadmin.com
20230116	03:32:04	9dcd9fb2-e9dd-43b6-8a41-02295093b0c1	GET	/forest/verifyEmail/count?fields%5BverifyEmail%5D=_id%2CcreatedAt%2Cemail%2Ctoken%2CupdatedAt&timezone=Europe%2FParis	https://app.forestadmin.com
20230116	03:32:15	bcd97cb6-c035-4201-878d-5f8e48ab3f6a	DELETE	/forest/verifyEmail?timezone=Europe%2FParis	https://app.forestadmin.com
20230116	03:32:15	9367c2ac-4889-4e6a-a68f-8092dc9ecbfa	GET	/forest/verifyEmail?timezone=Europe%2FParis&fields%5BverifyEmail%5D=_id%2CcreatedAt%2Cemail%2Ctoken%2CupdatedAt&page%5Bnumber%5D=1&page%5Bsize%5D=15&sort=-_id	https://app.forestadmin.com
20230116	03:32:16	e9523749-14d4-453a-ba05-94bdcaca812d	GET	/forest/verifyEmail/count?fields%5BverifyEmail%5D=_id%2CcreatedAt%2Cemail%2Ctoken%2CupdatedAt&timezone=Europe%2FParis	https://app.forestadmin.com
20230116	03:32:19	8dd99955-1c08-477a-a130-85a8a52ea042	GET	/forest/user?timezone=Europe%2FParis&fields%5Buser%5D=_id%2Cabout%2Calcohol%2Cavatar%2Cbirthday%2Cchats%2Cchildren%2Ccity%2Cemail%2CfirstName%2Chash%2Chobbies%2CisPersonalAccount%2ClastActionTime%2ClastName%2CmemberId%2CnativeLanguage%2Cphone%2Csalt%2Csexe%2CspokenLanguage%2Ctobacco%2Ctoken%2CupdatedAt%2CuserName%2CverificationCode%2CverificationCodeTime&page%5Bnumber%5D=1&page%5Bsize%5D=15&sort=-_id	https://app.forestadmin.com
20230116	03:32:19	4bfee455-f471-4404-a280-1181e3da31bf	GET	/forest/user/count?fields%5Buser%5D=_id%2Cabout%2Calcohol%2Cavatar%2Cbirthday%2Cchats%2Cchildren%2Ccity%2Cemail%2CfirstName%2Chash%2Chobbies%2CisPersonalAccount%2ClastActionTime%2ClastName%2CmemberId%2CnativeLanguage%2Cphone%2Csalt%2Csexe%2CspokenLanguage%2Ctobacco%2Ctoken%2CupdatedAt%2CuserName%2CverificationCode%2CverificationCodeTime&timezone=Europe%2FParis	https://app.forestadmin.com
20230116	03:38:09	a07e1999-e96b-4e0b-a3bc-82d3aefd1080	POST	/api/v1/signup	undefined
20230116	03:38:26	fd73e55f-6cc5-4b41-8fe4-e925cdf94424	POST	/forest/authentication	https://app.forestadmin.com
20230116	03:38:27	924f0ce6-0489-4ee5-9d88-bad63e27b9f6	GET	/forest/authentication/callback?code=-EFcFVCEvG_8FDn0_geOOkJNYvXVZVND2az25io8zKnLet4VT64BT_ALTVyHy_iv&state=%7B%22renderingId%22%3A176627%7D	https://app.forestadmin.com
20230116	03:38:28	e607c663-014a-4f52-ac6d-ce980f006713	GET	/forest/user?timezone=Europe%2FParis&fields%5Buser%5D=_id%2Cabout%2Calcohol%2Cavatar%2Cbirthday%2Cchats%2Cchildren%2Ccity%2Cemail%2CfirstName%2Chash%2Chobbies%2CisPersonalAccount%2ClastActionTime%2ClastName%2CmemberId%2CnativeLanguage%2Cphone%2Csalt%2Csexe%2CspokenLanguage%2Ctobacco%2Ctoken%2CupdatedAt%2CuserName%2CverificationCode%2CverificationCodeTime&page%5Bnumber%5D=1&page%5Bsize%5D=15&sort=-_id	https://app.forestadmin.com
20230116	03:38:28	42a1a1d3-ff04-4b1a-9127-976478540134	GET	/forest/user/count?fields%5Buser%5D=_id%2Cabout%2Calcohol%2Cavatar%2Cbirthday%2Cchats%2Cchildren%2Ccity%2Cemail%2CfirstName%2Chash%2Chobbies%2CisPersonalAccount%2ClastActionTime%2ClastName%2CmemberId%2CnativeLanguage%2Cphone%2Csalt%2Csexe%2CspokenLanguage%2Ctobacco%2Ctoken%2CupdatedAt%2CuserName%2CverificationCode%2CverificationCodeTime&timezone=Europe%2FParis	https://app.forestadmin.com
20230116	03:40:39	40072a77-b950-45b5-9abc-88b9b0700258	POST	/api/v1/signup	undefined
20230116	03:40:47	fc39cbda-6185-4f33-95e3-dfec7e77b97e	POST	/api/v1/signup	undefined
20230116	03:41:00	2072c23b-e3da-4046-a875-2ec891f6f7ed	POST	/forest/authentication	https://app.forestadmin.com
20230116	03:41:02	bf00e00c-b035-4a3c-a6b5-1f9ca3b20a25	GET	/forest/authentication/callback?code=yxuL4Fp7Xt_2WaM7KwQ-ITmJYBfpqwPTNA8eLV-irdYNz5GYQA3hnAAI9k3Fia_O&state=%7B%22renderingId%22%3A176627%7D	https://app.forestadmin.com
20230116	03:41:02	ed619360-f4b4-47d9-ba40-07ff70d21d77	GET	/forest/user?timezone=Europe%2FParis&fields%5Buser%5D=_id%2Cabout%2Calcohol%2Cavatar%2Cbirthday%2Cchats%2Cchildren%2Ccity%2Cemail%2CfirstName%2Chash%2Chobbies%2CisPersonalAccount%2ClastActionTime%2ClastName%2CmemberId%2CnativeLanguage%2Cphone%2Csalt%2Csexe%2CspokenLanguage%2Ctobacco%2Ctoken%2CupdatedAt%2CuserName%2CverificationCode%2CverificationCodeTime&page%5Bnumber%5D=1&page%5Bsize%5D=15&sort=-_id	https://app.forestadmin.com
20230116	03:41:02	5630abdb-886c-476d-b7e2-f1b80818bf8a	GET	/forest/user/count?fields%5Buser%5D=_id%2Cabout%2Calcohol%2Cavatar%2Cbirthday%2Cchats%2Cchildren%2Ccity%2Cemail%2CfirstName%2Chash%2Chobbies%2CisPersonalAccount%2ClastActionTime%2ClastName%2CmemberId%2CnativeLanguage%2Cphone%2Csalt%2Csexe%2CspokenLanguage%2Ctobacco%2Ctoken%2CupdatedAt%2CuserName%2CverificationCode%2CverificationCodeTime&timezone=Europe%2FParis	https://app.forestadmin.com
20230116	03:42:30	2899261c-9f2e-493f-b10f-f4f0f09cee03	POST	/api/v1/signup	undefined
20230116	03:42:41	2c7f12a2-b3b0-4dbe-b16d-60a808a6ec76	POST	/forest/authentication	https://app.forestadmin.com
20230116	03:42:42	6c6166e7-8370-4c92-8811-d1eb8c853c9e	GET	/forest/authentication/callback?code=G_mxklPFLPRxRMxk3pmMqGhX5cljnMQXH9hOn03WX7yg7jbibpxH0oJGkQzbPgqL&state=%7B%22renderingId%22%3A176627%7D	https://app.forestadmin.com
20230116	03:42:42	f27cb32b-5457-4b56-a386-190df5ca82ed	GET	/forest/user?timezone=Europe%2FParis&fields%5Buser%5D=_id%2Cabout%2Calcohol%2Cavatar%2Cbirthday%2Cchats%2Cchildren%2Ccity%2Cemail%2CfirstName%2Chash%2Chobbies%2CisPersonalAccount%2ClastActionTime%2ClastName%2CmemberId%2CnativeLanguage%2Cphone%2Csalt%2Csexe%2CspokenLanguage%2Ctobacco%2Ctoken%2CupdatedAt%2CuserName%2CverificationCode%2CverificationCodeTime&page%5Bnumber%5D=1&page%5Bsize%5D=15&sort=-_id	https://app.forestadmin.com
20230116	03:42:43	8ec6971f-da45-49ba-80e7-416c91cbdd76	GET	/forest/user/count?fields%5Buser%5D=_id%2Cabout%2Calcohol%2Cavatar%2Cbirthday%2Cchats%2Cchildren%2Ccity%2Cemail%2CfirstName%2Chash%2Chobbies%2CisPersonalAccount%2ClastActionTime%2ClastName%2CmemberId%2CnativeLanguage%2Cphone%2Csalt%2Csexe%2CspokenLanguage%2Ctobacco%2Ctoken%2CupdatedAt%2CuserName%2CverificationCode%2CverificationCodeTime&timezone=Europe%2FParis	https://app.forestadmin.com
20230116	03:44:38	56754ab4-3325-4541-b827-ccd1d7c2566e	GET	/forest/user/63c156eebc04abf4f99f5882?timezone=Europe%2FParis	https://app.forestadmin.com
20230116	03:45:06	00452f26-d282-420d-b7d7-a20b003dd015	POST	/forest/authentication	https://app.forestadmin.com
20230116	03:45:21	a2d6b02e-4c01-449f-8487-d7ec7ae9c413	POST	/forest/authentication	https://app.forestadmin.com
20230116	03:45:22	f5a77ce4-7635-43cd-98d7-d7107d75f36e	GET	/forest/authentication/callback?code=P8To5kRlp3M1SmliLSH_WeBBW4Y4oT5X74NT25tc0wBavgPvmRhyaml7PjfZrLtq&state=%7B%22renderingId%22%3A176627%7D	https://app.forestadmin.com
20230116	03:45:23	daa28f35-6013-48f8-bcde-aa80be869768	GET	/forest/user?timezone=Europe%2FParis&fields%5Buser%5D=_id%2Cabout%2Calcohol%2Cavatar%2Cbirthday%2Cchats%2Cchildren%2Ccity%2Cemail%2CfirstName%2Chash%2Chobbies%2CisPersonalAccount%2ClastActionTime%2ClastName%2CmemberId%2CnativeLanguage%2Cphone%2Csalt%2Csexe%2CspokenLanguage%2Ctobacco%2Ctoken%2CupdatedAt%2CuserName%2CverificationCode%2CverificationCodeTime&page%5Bnumber%5D=1&page%5Bsize%5D=15&sort=-_id	https://app.forestadmin.com
20230116	03:45:23	4ea72bcc-0c37-4132-bc9b-328954dfc678	GET	/forest/user/63c156eebc04abf4f99f5882?timezone=Europe%2FParis	https://app.forestadmin.com
20230116	03:45:23	53be6f39-33bd-444a-8513-6f69be18c6d1	GET	/forest/user/count?fields%5Buser%5D=_id%2Cabout%2Calcohol%2Cavatar%2Cbirthday%2Cchats%2Cchildren%2Ccity%2Cemail%2CfirstName%2Chash%2Chobbies%2CisPersonalAccount%2ClastActionTime%2ClastName%2CmemberId%2CnativeLanguage%2Cphone%2Csalt%2Csexe%2CspokenLanguage%2Ctobacco%2Ctoken%2CupdatedAt%2CuserName%2CverificationCode%2CverificationCodeTime&timezone=Europe%2FParis	https://app.forestadmin.com
20230116	03:45:43	67581ea9-92f0-4e23-9937-04ac0d63dff2	GET	/forest/user?timezone=Europe%2FParis&fields%5Buser%5D=_id%2Cabout%2Calcohol%2Cavatar%2Cbirthday%2Cchats%2Cchildren%2Ccity%2Cemail%2CfirstName%2Chash%2Chobbies%2CisPersonalAccount%2ClastActionTime%2ClastName%2CmemberId%2CnativeLanguage%2Cphone%2Csalt%2Csexe%2CspokenLanguage%2Ctobacco%2Ctoken%2CupdatedAt%2CuserName%2CverificationCode%2CverificationCodeTime&page%5Bnumber%5D=1&page%5Bsize%5D=15&sort=-_id	https://app.forestadmin.com
20230116	03:45:44	dff34e15-86a9-42f3-81b2-eda49b822f18	GET	/forest/user/count?fields%5Buser%5D=_id%2Cabout%2Calcohol%2Cavatar%2Cbirthday%2Cchats%2Cchildren%2Ccity%2Cemail%2CfirstName%2Chash%2Chobbies%2CisPersonalAccount%2ClastActionTime%2ClastName%2CmemberId%2CnativeLanguage%2Cphone%2Csalt%2Csexe%2CspokenLanguage%2Ctobacco%2Ctoken%2CupdatedAt%2CuserName%2CverificationCode%2CverificationCodeTime&timezone=Europe%2FParis	https://app.forestadmin.com
20230116	03:45:54	df3d120b-9baf-4098-a8ea-07524563fb5b	POST	/forest/authentication	https://app.forestadmin.com
20230116	03:45:55	f27723e7-31ee-4833-9df2-c4252d5b74f5	GET	/forest/authentication/callback?code=jEbUiJDCsZKwI2glUBWXqYgFQRMPW9u5yydWrEPb6x77XB3Or8TMd-PB4QU7Q98Q&state=%7B%22renderingId%22%3A176627%7D	https://app.forestadmin.com
20230116	03:45:55	aa297cd6-74fa-4940-8ae1-92ded1b7583f	GET	/forest/user?timezone=Europe%2FParis&fields%5Buser%5D=_id%2Cabout%2Calcohol%2Cavatar%2Cbirthday%2Cchats%2Cchildren%2Ccity%2Cemail%2CfirstName%2Chash%2Chobbies%2CisPersonalAccount%2ClastActionTime%2ClastName%2CmemberId%2CnativeLanguage%2Cphone%2Csalt%2Csexe%2CspokenLanguage%2Ctobacco%2Ctoken%2CupdatedAt%2CuserName%2CverificationCode%2CverificationCodeTime&page%5Bnumber%5D=1&page%5Bsize%5D=15&sort=-_id	https://app.forestadmin.com
20230116	03:45:57	f3c88a4b-7729-4195-8a78-bba94680a4c1	GET	/forest/user/count?fields%5Buser%5D=_id%2Cabout%2Calcohol%2Cavatar%2Cbirthday%2Cchats%2Cchildren%2Ccity%2Cemail%2CfirstName%2Chash%2Chobbies%2CisPersonalAccount%2ClastActionTime%2ClastName%2CmemberId%2CnativeLanguage%2Cphone%2Csalt%2Csexe%2CspokenLanguage%2Ctobacco%2Ctoken%2CupdatedAt%2CuserName%2CverificationCode%2CverificationCodeTime&timezone=Europe%2FParis	https://app.forestadmin.com
20230116	03:46:03	9a9fa568-770f-4e39-a6e2-4c97b8f49f7a	GET	/forest/otp?timezone=Europe%2FParis&fields%5Botp%5D=_id%2Ccode%2CcreatedAt%2Cemail%2CexpireIn%2CupdatedAt&page%5Bnumber%5D=1&page%5Bsize%5D=15&sort=-_id	https://app.forestadmin.com
20230116	03:46:03	179a8412-3958-44ba-9b04-d4f32085c0da	GET	/forest/otp/count?fields%5Botp%5D=_id%2Ccode%2CcreatedAt%2Cemail%2CexpireIn%2CupdatedAt&timezone=Europe%2FParis	https://app.forestadmin.com
20230116	03:46:09	1a7a6ce7-7b70-4c3f-a2db-b5d153ecf5ec	GET	/forest/user?timezone=Europe%2FParis&fields%5Buser%5D=_id%2Cabout%2Calcohol%2Cavatar%2Cbirthday%2Cchats%2Cchildren%2Ccity%2Cemail%2CfirstName%2Chash%2Chobbies%2CisPersonalAccount%2ClastActionTime%2ClastName%2CmemberId%2CnativeLanguage%2Cphone%2Csalt%2Csexe%2CspokenLanguage%2Ctobacco%2Ctoken%2CupdatedAt%2CuserName%2CverificationCode%2CverificationCodeTime&page%5Bnumber%5D=1&page%5Bsize%5D=15&sort=-_id	https://app.forestadmin.com
20230116	03:46:09	cfe19fb6-82f3-44df-9846-eda49eb96e80	GET	/forest/user/count?fields%5Buser%5D=_id%2Cabout%2Calcohol%2Cavatar%2Cbirthday%2Cchats%2Cchildren%2Ccity%2Cemail%2CfirstName%2Chash%2Chobbies%2CisPersonalAccount%2ClastActionTime%2ClastName%2CmemberId%2CnativeLanguage%2Cphone%2Csalt%2Csexe%2CspokenLanguage%2Ctobacco%2Ctoken%2CupdatedAt%2CuserName%2CverificationCode%2CverificationCodeTime&timezone=Europe%2FParis	https://app.forestadmin.com
20230116	03:46:37	5baa6298-1c77-4e79-8a12-914c10d379e2	GET	/forest/user?timezone=Europe%2FParis&fields%5Buser%5D=_id%2Cabout%2Calcohol%2Cavatar%2Cbirthday%2Cchats%2Cchildren%2Ccity%2Cemail%2CfirstName%2Chash%2Chobbies%2CisPersonalAccount%2ClastActionTime%2ClastName%2CmemberId%2CnativeLanguage%2Cphone%2Csalt%2Csexe%2CspokenLanguage%2Ctobacco%2Ctoken%2CupdatedAt%2CuserName%2CverificationCode%2CverificationCodeTime&page%5Bnumber%5D=1&page%5Bsize%5D=15&sort=-_id	https://app.forestadmin.com
20230116	03:46:37	a20d3d07-c486-491c-ad7b-c7987e57495d	GET	/forest/user/count?fields%5Buser%5D=_id%2Cabout%2Calcohol%2Cavatar%2Cbirthday%2Cchats%2Cchildren%2Ccity%2Cemail%2CfirstName%2Chash%2Chobbies%2CisPersonalAccount%2ClastActionTime%2ClastName%2CmemberId%2CnativeLanguage%2Cphone%2Csalt%2Csexe%2CspokenLanguage%2Ctobacco%2Ctoken%2CupdatedAt%2CuserName%2CverificationCode%2CverificationCodeTime&timezone=Europe%2FParis	https://app.forestadmin.com
20230116	03:47:43	b74b5023-2dc6-474e-a0d5-5b40beaf7ac4	GET	/forest/user?timezone=Europe%2FParis&fields%5Buser%5D=_id%2Cabout%2Calcohol%2Cavatar%2Cbirthday%2Cchats%2Cchildren%2Ccity%2Cemail%2CfirstName%2Chash%2Chobbies%2CisPersonalAccount%2ClastActionTime%2ClastName%2CmemberId%2CnativeLanguage%2Cphone%2Csalt%2Csexe%2CspokenLanguage%2Ctobacco%2Ctoken%2CupdatedAt%2CuserName%2CverificationCode%2CverificationCodeTime&page%5Bnumber%5D=1&page%5Bsize%5D=15&sort=-_id	https://app.forestadmin.com
20230116	03:47:43	3a9cb0d2-3ef7-4a54-aef5-6c731cbbfd32	GET	/forest/user/count?fields%5Buser%5D=_id%2Cabout%2Calcohol%2Cavatar%2Cbirthday%2Cchats%2Cchildren%2Ccity%2Cemail%2CfirstName%2Chash%2Chobbies%2CisPersonalAccount%2ClastActionTime%2ClastName%2CmemberId%2CnativeLanguage%2Cphone%2Csalt%2Csexe%2CspokenLanguage%2Ctobacco%2Ctoken%2CupdatedAt%2CuserName%2CverificationCode%2CverificationCodeTime&timezone=Europe%2FParis	https://app.forestadmin.com
20230116	03:47:54	c39cc7ff-0346-487e-ab80-715956fdda37	GET	/forest/user?timezone=Europe%2FParis&fields%5Buser%5D=_id%2Cabout%2Calcohol%2Cavatar%2Cbirthday%2Cchats%2Cchildren%2Ccity%2Cemail%2CfirstName%2Chash%2Chobbies%2CisPersonalAccount%2ClastActionTime%2ClastName%2CmemberId%2CnativeLanguage%2Cphone%2Csalt%2Csexe%2CspokenLanguage%2Ctobacco%2Ctoken%2CupdatedAt%2CuserName%2CverificationCode%2CverificationCodeTime&page%5Bnumber%5D=1&page%5Bsize%5D=15&sort=-_id	https://app.forestadmin.com
20230116	03:47:55	6d2fdbf5-bcbd-4cc0-af9a-790a838698a9	GET	/forest/user/count?fields%5Buser%5D=_id%2Cabout%2Calcohol%2Cavatar%2Cbirthday%2Cchats%2Cchildren%2Ccity%2Cemail%2CfirstName%2Chash%2Chobbies%2CisPersonalAccount%2ClastActionTime%2ClastName%2CmemberId%2CnativeLanguage%2Cphone%2Csalt%2Csexe%2CspokenLanguage%2Ctobacco%2Ctoken%2CupdatedAt%2CuserName%2CverificationCode%2CverificationCodeTime&timezone=Europe%2FParis	https://app.forestadmin.com
20230116	03:49:22	a539c419-4df1-4227-9278-6ef39b961cb5	GET	/forest/user?timezone=Europe%2FParis&fields%5Buser%5D=_id%2Cabout%2Calcohol%2Cavatar%2Cbirthday%2Cchats%2Cchildren%2Ccity%2Cemail%2CfirstName%2Chash%2Chobbies%2CisPersonalAccount%2ClastActionTime%2ClastName%2CmemberId%2CnativeLanguage%2Cphone%2Csalt%2Csexe%2CspokenLanguage%2Ctobacco%2Ctoken%2CupdatedAt%2CuserName%2CverificationCode%2CverificationCodeTime&page%5Bnumber%5D=1&page%5Bsize%5D=15&sort=-verificationCode	https://app.forestadmin.com
20230116	03:49:24	74e499e8-e6a4-4d8b-a06e-0d6a88d0ad01	GET	/forest/user?timezone=Europe%2FParis&fields%5Buser%5D=_id%2Cabout%2Calcohol%2Cavatar%2Cbirthday%2Cchats%2Cchildren%2Ccity%2Cemail%2CfirstName%2Chash%2Chobbies%2CisPersonalAccount%2ClastActionTime%2ClastName%2CmemberId%2CnativeLanguage%2Cphone%2Csalt%2Csexe%2CspokenLanguage%2Ctobacco%2Ctoken%2CupdatedAt%2CuserName%2CverificationCode%2CverificationCodeTime&page%5Bnumber%5D=1&page%5Bsize%5D=15&sort=-avatar	https://app.forestadmin.com
20230116	03:49:24	43d8308d-8011-4fde-a35b-2b099238b145	GET	/forest/user/count?fields%5Buser%5D=_id%2Cabout%2Calcohol%2Cavatar%2Cbirthday%2Cchats%2Cchildren%2Ccity%2Cemail%2CfirstName%2Chash%2Chobbies%2CisPersonalAccount%2ClastActionTime%2ClastName%2CmemberId%2CnativeLanguage%2Cphone%2Csalt%2Csexe%2CspokenLanguage%2Ctobacco%2Ctoken%2CupdatedAt%2CuserName%2CverificationCode%2CverificationCodeTime&timezone=Europe%2FParis	https://app.forestadmin.com
20230116	13:36:03	e39f2b65-0fe3-4184-8e22-03c4a8117229	POST	/api/v1/signup	undefined
20230116	13:36:12	da429ac1-f5df-4581-9069-bc140111cc2e	POST	/api/v1/signup	undefined
20230117	12:35:06	87a1a3c2-f44f-4613-b37f-8a43965c6211	POST	/forest/authentication	https://app.forestadmin.com
20230117	12:35:08	72b19afb-2278-44c7-99e4-46c8e772236c	GET	/forest/authentication/callback?code=Hg-cIkxBvScQKGqKIlOKIgQHuHObkA2rujwd2GhJORN9kzSodeF88CfWx6IiSOPC&state=%7B%22renderingId%22%3A176627%7D	https://app.forestadmin.com
20230117	12:35:09	de736385-919c-4628-9fcf-a4ec862159f0	GET	/forest/activity?timezone=Europe%2FParis&fields%5Bactivity%5D=_id%2CactivityImage%2Caddress%2CageRestriction%2Cages%2CallowCoOrganiser%2CallowGuests%2CallowPhoneNumberDisplay%2CattendeeLimit%2CcoOrganizerGift%2CcoOrganizerOffers%2CcoOrganizerRequests%2CcreatedAt%2Cdate%2Cdescription%2CfriendsOnly%2ChasPrice%2ChasReminderName%2ChelpForOrganizers%2ChowManyGuests%2ChowToFind%2CisOnline%2Clocation%2Cparity%2CparityValues%2Cprice%2CreminderName%2CrepeatEvent%2CrepeatEventDays%2CrepeatEventFrequency%2CrequestCoOrganizers%2CselectPeople%2CstartTime%2CticketLink%2Ctitle%2Ctopic%2CupdatedAt&page%5Bnumber%5D=1&page%5Bsize%5D=15&sort=-_id	https://app.forestadmin.com
20230117	12:35:09	0c89b5f8-0587-4503-b121-0bf0825dbb6d	GET	/forest/activity/count?fields%5Bactivity%5D=_id%2CactivityImage%2Caddress%2CageRestriction%2Cages%2CallowCoOrganiser%2CallowGuests%2CallowPhoneNumberDisplay%2CattendeeLimit%2CcoOrganizerGift%2CcoOrganizerOffers%2CcoOrganizerRequests%2CcreatedAt%2Cdate%2Cdescription%2CfriendsOnly%2ChasPrice%2ChasReminderName%2ChelpForOrganizers%2ChowManyGuests%2ChowToFind%2CisOnline%2Clocation%2Cparity%2CparityValues%2Cprice%2CreminderName%2CrepeatEvent%2CrepeatEventDays%2CrepeatEventFrequency%2CrequestCoOrganizers%2CselectPeople%2CstartTime%2CticketLink%2Ctitle%2Ctopic%2CupdatedAt&timezone=Europe%2FParis	https://app.forestadmin.com
20230117	12:51:45	658c4387-88e0-4818-be42-33bbbb8ec139	POST	/api/v1/activities/createactivity	undefined
20230117	12:51:54	431c95cb-a6a1-4570-8366-be207455ebcc	POST	/api/v1/login	undefined
20230117	12:52:23	530d89e5-db16-4b68-a117-e98d6961ed6b	POST	/api/v1/activities/createactivity	undefined
20230117	12:54:09	a36a96c2-27cb-4b09-ab16-0dbdc8d18b9f	POST	/api/v1/activities/createactivity	undefined
20230117	12:54:25	6e028c66-84e2-475b-ba0b-ca6174c4a08c	POST	/api/v1/activities/createactivity	undefined
20230117	12:57:04	521533fa-79fa-4319-8bb7-da6cef6948fe	POST	/	undefined
20230117	12:57:21	9aebc56e-f427-441b-a157-c9bb41bae294	POST	/api/v1/activities/createactivity	undefined
20230117	12:57:47	3949df44-4942-467c-befd-3a030b3c6b4c	POST	/api/v1/login	undefined
20230117	12:59:00	2ed357fc-ac1f-475f-a6c6-2a40033f670c	POST	/api/v1/activities/createactivity	undefined
20230117	12:59:58	0fa4c8a0-0f22-44c1-8997-4835f83c57f5	POST	/api/v1/activities/createactivity	undefined
20230117	13:00:30	d981a2f6-0439-43b8-afc3-8a4c9761fb02	POST	/api/v1/activities/createactivity	undefined
20230117	13:06:02	198485d1-c17e-4a8f-bc6f-940a15414408	POST	/api/v1/login	undefined
20230117	13:07:01	5755f18e-7f7c-4623-85fe-74a9897fc1d1	POST	/api/v1/login	undefined
20230117	13:07:41	bccaad02-8a6e-4d37-83ac-6873ffc6a7b2	POST	/api/v1/activities/createactivity	undefined
20230117	13:08:31	3f60db13-d2b2-4ab1-be80-2e74c1dab172	POST	/api/v1/login	undefined
20230117	13:08:49	2f160d50-5fc1-487a-9903-086c7a8db68c	POST	/api/v1/activities/createactivity	undefined
20230117	13:08:57	fabc7dbf-4cce-4cd4-bafc-7de2f9e32fed	POST	/api/v1/activities/createactivity	undefined
20230117	13:32:51	c1552a94-e826-414f-94fe-1e0c19aa8e8d	POST	/api/v1/login	undefined
20230117	13:33:38	e8700aad-1a2a-465e-b8ec-02c71260dab7	POST	/api/v1/activities/createactivity	undefined
20230117	13:35:13	81180116-86e0-41ee-9c0e-67df980b4470	POST	/api/v1/activities/createactivity	undefined
20230117	13:35:15	92ac7073-7044-4dbd-8f2f-c3d5d66a952b	POST	/api/v1/activities/createactivity	undefined
20230117	13:35:28	7038d53a-aa66-472d-9e96-972d409ccd06	POST	/api/v1/activities/createactivity	undefined
20230117	13:43:24	58bc8971-ecfb-4022-8809-7fbc7f76d415	POST	/api/v1/activities/createactivity	undefined
20230117	13:44:03	1e3dc65a-f4b6-415b-a54a-2a5050436ddc	POST	/api/v1/activities/createactivity	undefined
20230117	13:44:15	4a918bd1-320f-4900-88bd-0b36ac6cb12f	POST	/api/v1/activities/createactivity	undefined
20230117	13:44:23	ca0d5dee-ce2b-4ea4-82c6-36113e9b7c17	POST	/api/v1/activities/createactivity	undefined
20230117	13:44:51	275d273c-e3f1-4e5e-9d8b-578b0938739b	POST	/api/v1/activities/createactivity	undefined
20230117	13:44:59	15f9d36d-32b2-43cd-8948-6043c899b0d6	POST	/api/v1/activities/createactivity	undefined
20230117	13:45:13	69c99f9c-838f-475f-8281-7e34a2a15431	POST	/api/v1/activities/createactivity	undefined
20230117	13:45:54	72ad7e78-2115-4678-830d-f7e68335f151	POST	/api/v1/activities/createactivity	undefined
20230117	13:46:06	16bda77b-a7fa-44ad-93b1-0ce52cb6f085	POST	/api/v1/activities/createactivity	undefined
20230117	13:47:24	5d7941a7-1f7a-4e40-8c5d-4fea3d828f42	POST	/api/v1/activities/createactivity	undefined
20230117	13:47:33	ec9fee25-0bf3-4b73-8b70-c269c9bc98fe	POST	/api/v1/activities/createactivity	undefined
20230117	13:49:51	1d4c84d8-5502-43ef-82c5-97ecc910cf8d	POST	/api/v1/activities/createactivity	undefined
20230117	13:50:33	02f0eb1f-2672-4735-811c-baaccf3241c8	POST	/api/v1/activities/createactivity	undefined
20230117	13:52:02	6875b1e5-cc9e-4d11-9dc0-fec0030f64fe	POST	/api/v1/activities/createactivity	undefined
20230117	13:53:17	3f78d43e-8eb2-4e79-b4ac-3fa73f0ae64d	POST	/api/v1/activities/createactivity	undefined
20230117	13:53:53	2c638b2b-adb6-468b-9bce-aa65893c8026	POST	/api/v1/activities/createactivity	undefined
20230117	13:54:34	4f788e7b-9f89-43f4-9be3-cab680afbf5d	POST	/api/v1/activities/createactivity	undefined
20230117	14:05:05	2c95a939-d473-48db-b066-897f58e059a0	POST	/api/v1/activities/createactivity	undefined
20230117	14:05:18	8c06b37d-7f47-44e6-a0e9-ebdbf0e71991	POST	/api/v1/activities/createactivity	undefined
20230117	14:05:25	49d9e9c8-2bb2-4a65-a289-3c0fa8c80386	POST	/api/v1/activities/createactivity	undefined
20230117	14:07:32	014aa1c5-69c3-4896-90a2-4457283969c1	POST	/api/v1/activities/createactivity	undefined
20230117	14:08:02	05e82b0e-bb54-4167-b81d-d43afd30894c	POST	/api/v1/activities/createactivity	undefined
